<?xml version="1.0" encoding="UTF-8"?>
<testng-results skipped="0" failed="0" ignored="0" total="1" passed="1">
  <reporter-output>
    <line>
      <![CDATA[<div "result">I want to login with positive credential (PASSED : 0s)</div>]]>
    </line>
    <line>
      <![CDATA[<div "result">Atleast two user able to login (PASSED : 0s)</div>]]>
    </line>
    <line>
      <![CDATA[<div "result">I enter the password and email (PASSED : 0s)</div>]]>
    </line>
    <line>
      <![CDATA[<div "result">User should be able to login (PASSED : 0s)</div>]]>
    </line>
    <line>
      <![CDATA[<div "result">User should able to see the dashboard (PASSED : 0s)</div>]]>
    </line>
  </reporter-output>
  <suite name="Default suite" duration-ms="430" started-at="2019-05-21T07:19:12Z" finished-at="2019-05-21T07:19:13Z">
    <groups>
      <group name="cucumber">
        <method signature="AbstractTestNGCucumberTests.runScenario(cucumber.api.testng.PickleEventWrapper, cucumber.api.testng.CucumberFeatureWrapper)[pri:0, instance:com.testcases.MyRunner@4501b7af]" name="runScenario" class="cucumber.api.testng.AbstractTestNGCucumberTests"/>
      </group> <!-- cucumber -->
    </groups>
    <test name="Default test" duration-ms="430" started-at="2019-05-21T07:19:12Z" finished-at="2019-05-21T07:19:13Z">
      <class name="com.testcases.MyRunner">
        <test-method status="PASS" signature="setUpClass()[pri:0, instance:com.testcases.MyRunner@4501b7af]" name="setUpClass" is-config="true" duration-ms="203" started-at="2019-05-21T07:19:12Z" finished-at="2019-05-21T07:19:12Z">
          <reporter-output>
          </reporter-output>
        </test-method> <!-- setUpClass -->
        <test-method status="PASS" signature="runScenario(cucumber.api.testng.PickleEventWrapper, cucumber.api.testng.CucumberFeatureWrapper)[pri:0, instance:com.testcases.MyRunner@4501b7af]" name="runScenario" duration-ms="42" started-at="2019-05-21T07:19:12Z" description="Runs Cucumber Scenarios" data-provider="scenarios" finished-at="2019-05-21T07:19:12Z">
          <params>
            <param index="0">
              <value>
                <![CDATA["Login with positive credential"]]>
              </value>
            </param>
            <param index="1">
              <value>
                <![CDATA["Login with multiple users"]]>
              </value>
            </param>
          </params>
          <reporter-output>
            <line>
              <![CDATA[<div "result">I want to login with positive credential (PASSED : 0s)</div>]]>
            </line>
            <line>
              <![CDATA[<div "result">Atleast two user able to login (PASSED : 0s)</div>]]>
            </line>
            <line>
              <![CDATA[<div "result">I enter the password and email (PASSED : 0s)</div>]]>
            </line>
            <line>
              <![CDATA[<div "result">User should be able to login (PASSED : 0s)</div>]]>
            </line>
            <line>
              <![CDATA[<div "result">User should able to see the dashboard (PASSED : 0s)</div>]]>
            </line>
          </reporter-output>
        </test-method> <!-- runScenario -->
        <test-method status="PASS" signature="tearDownClass()[pri:0, instance:com.testcases.MyRunner@4501b7af]" name="tearDownClass" is-config="true" duration-ms="54" started-at="2019-05-21T07:19:12Z" finished-at="2019-05-21T07:19:13Z">
          <reporter-output>
          </reporter-output>
        </test-method> <!-- tearDownClass -->
      </class> <!-- com.testcases.MyRunner -->
    </test> <!-- Default test -->
  </suite> <!-- Default suite -->
</testng-results>
